Arguments: 
  /Users/maurice/.nvm/versions/node/v12.19.0/bin/node /usr/local/Cellar/yarn/1.22.5/libexec/bin/yarn.js add --dev jest

PATH: 
  /usr/local/opt/terraform@0.12/bin:/usr/local/opt/openjdk@11/bin:/Users/maurice/.nvm/versions/node/v12.19.0/bin:/Users/maurice/.nvm/versions/node/v12.19.0/bin:/usr/local/bin:/usr/local/bin:/usr/bin:/bin:/usr/sbin:/sbin:/usr/local/opt/terraform@0.12/bin:/usr/local/opt/openjdk@11/bin:/Users/maurice/opt/anaconda3/bin:/Users/maurice/opt/anaconda3/condabin:/Users/maurice/.nvm/versions/node/v12.19.0/bin

Yarn version: 
  1.22.5

Node version: 
  12.19.0

Platform: 
  darwin x64

Trace: 
  SyntaxError: /Users/maurice/Desktop/games/tictactoe/package.json: Unexpected end of JSON input
      at JSON.parse (<anonymous>)
      at /usr/local/Cellar/yarn/1.22.5/libexec/lib/cli.js:1625:59
      at Generator.next (<anonymous>)
      at step (/usr/local/Cellar/yarn/1.22.5/libexec/lib/cli.js:310:30)
      at /usr/local/Cellar/yarn/1.22.5/libexec/lib/cli.js:321:13

npm manifest: 
  

yarn manifest: 
  No manifest

Lockfile: 
  No lockfile
